<?xml version="1.0" encoding="UTF-8"?>
<!-- Generated by org.testng.reporters.JUnitXMLReporter -->
<testsuite hostname="AU-BNE-DESK-09" ignored="0" name="Default test" tests="4" failures="0" timestamp="02 May 2018 05:17:29 GMT" time="331.976" errors="0">
  <testcase name="testAdmincancel" time="19.935" classname="YDF.automationFramework.testEditorCheckout"/>
  <testcase name="testLeadercancel" time="19.314" classname="YDF.automationFramework.testEditorCheckout"/>
  <testcase name="testReviewerNoOption" time="59.682" classname="YDF.automationFramework.testEditorCheckout"/>
  <testcase name="testMemberNoOption" time="59.412" classname="YDF.automationFramework.testEditorCheckout"/>
</testsuite> <!-- Default test -->
