<?xml version="1.0" encoding="UTF-8"?>
<!-- Generated by org.testng.reporters.JUnitXMLReporter -->
<testsuite hostname="AU-BNE-DESK-09" ignored="0" name="IETest" tests="5" failures="5" timestamp="13 Apr 2018 00:42:10 GMT" time="1.008" errors="0">
  <testcase name="testLogin" time="0.0" classname="YDF.automationFramework.MultiBrowser">
    <failure type="java.lang.NullPointerException">
      <![CDATA[java.lang.NullPointerException
at YDF.automationFramework.MultiBrowser.testLogin(MultiBrowser.java:90)
... Removed 25 stack frames]]>
    </failure>
  </testcase> <!-- testLogin -->
  <testcase name="testOverlay" time="0.0" classname="YDF.automationFramework.MultiBrowser">
    <failure type="java.lang.NullPointerException">
      <![CDATA[java.lang.NullPointerException
at com.google.common.base.Preconditions.checkNotNull(Preconditions.java:882)
at org.openqa.selenium.support.ui.FluentWait.<init>(FluentWait.java:104)
at org.openqa.selenium.support.ui.WebDriverWait.<init>(WebDriverWait.java:71)
at org.openqa.selenium.support.ui.WebDriverWait.<init>(WebDriverWait.java:45)
at Pages.YDFFileFunction.overlayClose(YDFFileFunction.java:30)
at YDF.automationFramework.MultiBrowser.testOverlay(MultiBrowser.java:112)
... Removed 25 stack frames]]>
    </failure>
  </testcase> <!-- testOverlay -->
  <testcase name="testaddFilebutton" time="1.0" classname="YDF.automationFramework.MultiBrowser">
    <failure type="java.lang.NullPointerException">
      <![CDATA[java.lang.NullPointerException
at com.google.common.base.Preconditions.checkNotNull(Preconditions.java:882)
at org.openqa.selenium.support.ui.FluentWait.<init>(FluentWait.java:104)
at org.openqa.selenium.support.ui.WebDriverWait.<init>(WebDriverWait.java:71)
at org.openqa.selenium.support.ui.WebDriverWait.<init>(WebDriverWait.java:45)
at Pages.YDFFileFunction.addFile(YDFFileFunction.java:16)
at YDF.automationFramework.MultiBrowser.testaddFilebutton(MultiBrowser.java:121)
... Removed 25 stack frames]]>
    </failure>
  </testcase> <!-- testaddFilebutton -->
  <testcase name="testNewFile" time="0.001" classname="YDF.automationFramework.MultiBrowser">
    <failure type="java.lang.NullPointerException">
      <![CDATA[java.lang.NullPointerException
at com.google.common.base.Preconditions.checkNotNull(Preconditions.java:882)
at org.openqa.selenium.support.ui.FluentWait.<init>(FluentWait.java:104)
at org.openqa.selenium.support.ui.WebDriverWait.<init>(WebDriverWait.java:71)
at org.openqa.selenium.support.ui.WebDriverWait.<init>(WebDriverWait.java:45)
at Pages.YDFFileFunction.setFilename(YDFFileFunction.java:51)
at YDF.automationFramework.MultiBrowser.testNewFile(MultiBrowser.java:138)
... Removed 25 stack frames]]>
    </failure>
  </testcase> <!-- testNewFile -->
  <testcase name="testLogout" time="0.001" classname="YDF.automationFramework.MultiBrowser">
    <failure type="java.lang.NullPointerException">
      <![CDATA[java.lang.NullPointerException
at YDF.automationFramework.MultiBrowser.testLogout(MultiBrowser.java:162)
... Removed 25 stack frames]]>
    </failure>
  </testcase> <!-- testLogout -->
</testsuite> <!-- IETest -->
